[2024-10-27 12:55:27]	[ALERT]	404 - commande non existante :: /createurs/assets/css/style.css
[2024-10-27 12:55:27]	[ALERT]	404 - commande non existante :: /createurs/assets/js/script.js
[2024-10-27 12:55:36]	[ALERT]	404 - commande non existante :: /cartes/ajouter/assets/css/style.css
[2024-10-27 12:56:47]	[ALERT]	404 - commande non existante :: /createurs/assets/css/style.css
[2024-10-27 12:56:47]	[ALERT]	404 - commande non existante :: /createurs/assets/js/script.js
[2024-10-27 12:56:59]	[ALERT]	404 - commande non existante :: /createurs/assets/css/style.css
[2024-10-27 12:56:59]	[ALERT]	404 - commande non existante :: /createurs/assets/js/script.js
[2024-10-27 13:05:33]	[ALERT]	404 - commande non existante :: /createurs/assets/css/style.css
[2024-10-27 13:05:33]	[ALERT]	404 - commande non existante :: /createurs/assets/js/script.js
[2024-10-27 13:05:44]	[ALERT]	404 - commande non existante :: /cartes/ajouter/assets/css/style.css
[2024-10-27 13:06:15]	[ALERT]	404 - commande non existante :: /cartes/ajouter/assets/css/style.css
[2024-10-27 13:16:15]	[ALERT]	404 - commande non existante :: /cartes/
[2024-10-27 13:16:15]	[ALERT]	404 - commande non existante :: /cartes/assets/css/style.css
[2024-10-27 13:16:15]	[ALERT]	404 - commande non existante :: /cartes/assets/js/script.js
[2024-10-27 13:16:24]	[ALERT]	404 - commande non existante :: /cartes/ajouter/assets/css/style.css
[2024-10-27 13:39:32]	[ALERT]	404 - commande non existante :: /cartes/ajouter/assets/css/style.css
[2024-10-27 13:39:34]	[ALERT]	404 - commande non existante :: /cartes/ajouter/assets/css/style.css
[2024-10-27 13:39:34]	[ALERT]	404 - commande non existante :: /cartes/ajouter/assets/css/style.css
[2024-10-27 13:39:34]	[ALERT]	404 - commande non existante :: /cartes/ajouter/assets/css/style.css
[2024-10-27 13:39:35]	[ALERT]	404 - commande non existante :: /cartes/ajouter/assets/css/style.css
[2024-10-27 14:16:29]	[ALERT]	404 - commande non existante :: /cartes/ajouter/5
[2024-10-27 14:16:29]	[ALERT]	404 - commande non existante :: /cartes/ajouter/assets/css/style.css
[2024-10-27 14:16:29]	[ALERT]	404 - commande non existante :: /cartes/ajouter/assets/js/script.js
[2024-10-27 14:16:37]	[ALERT]	404 - commande non existante :: /createurs/assets/css/style.css
[2024-10-27 14:16:37]	[ALERT]	404 - commande non existante :: /createurs/assets/js/script.js
[2024-10-27 14:16:54]	[ALERT]	404 - commande non existante :: /createurs/assets/js/script.js
[2024-10-27 14:16:54]	[ALERT]	404 - commande non existante :: /createurs/assets/css/style.css
[2024-10-27 14:17:15]	[ALERT]	404 - commande non existante :: /cartes/ajouter/4
[2024-10-27 14:17:15]	[ALERT]	404 - commande non existante :: /cartes/ajouter/assets/css/style.css
[2024-10-27 14:17:15]	[ALERT]	404 - commande non existante :: /cartes/ajouter/assets/js/script.js
[2024-10-27 14:20:31]	[ALERT]	404 - commande non existante :: /cartes/ajouter/4/assets/css/style.css
[2024-10-27 14:20:45]	[ALERT]	404 - commande non existante :: /cartes/ajouter/4
[2024-10-27 14:20:45]	[ALERT]	404 - commande non existante :: /cartes/ajouter/assets/css/style.css
[2024-10-27 14:20:45]	[ALERT]	404 - commande non existante :: /cartes/ajouter/assets/js/script.js
[2024-10-27 14:21:28]	[ALERT]	404 - commande non existante :: /cartes/ajouter/4/assets/css/style.css
[2024-10-27 15:14:36]	[ALERT]	404 - commande non existante :: /cartes/ajouter/5/assets/css/style.css
[2024-10-27 15:30:50]	[ALERT]	404 - commande non existante :: /cartes/ajouter/5/assets/css/style.css
[2024-10-27 16:14:58]	[ALERT]	404 - commande non existante :: /createurs/assets/css/style.css
[2024-10-27 16:14:58]	[ALERT]	404 - commande non existante :: /createurs/assets/js/script.js
[2024-10-27 16:15:16]	[ALERT]	404 - commande non existante :: /administrateurs/assets/css/style.css
[2024-10-27 16:15:16]	[ALERT]	404 - commande non existante :: /administrateurs/assets/js/script.js
[2024-10-27 16:15:29]	[ALERT]	404 - commande non existante :: /cartes/ajouter/6/assets/css/style.css
[2024-10-27 16:16:15]	[ALERT]	404 - commande non existante :: /createurs/assets/css/style.css
[2024-10-27 16:16:15]	[ALERT]	404 - commande non existante :: /createurs/assets/js/script.js
[2024-10-27 16:16:27]	[ALERT]	404 - commande non existante :: /cartes/ajouter/6/assets/css/style.css
[2024-10-27 16:16:52]	[ALERT]	404 - commande non existante :: /createurs/assets/css/style.css
[2024-10-27 16:16:52]	[ALERT]	404 - commande non existante :: /createurs/assets/js/script.js
[2024-10-27 16:17:03]	[ALERT]	404 - commande non existante :: /cartes/ajouter/6/assets/css/style.css
[2024-10-27 16:22:45]	[ALERT]	404 - commande non existante :: /createurs/assets/css/style.css
[2024-10-27 16:22:45]	[ALERT]	404 - commande non existante :: /createurs/assets/js/script.js
[2024-10-27 18:04:32]	[ALERT]	404 - commande non existante :: /createurs/assets/css/style.css
[2024-10-27 18:04:33]	[ALERT]	404 - commande non existante :: /createurs/assets/js/script.js
[2024-10-27 18:05:21]	[ALERT]	404 - commande non existante :: /createurs/assets/css/style.css
[2024-10-27 18:05:21]	[ALERT]	404 - commande non existante :: /createurs/assets/js/script.js
[2024-10-27 18:07:34]	[ALERT]	404 - commande non existante :: /createurs/assets/css/style.css
[2024-10-27 18:07:34]	[ALERT]	404 - commande non existante :: /createurs/assets/js/script.js
[2024-10-27 18:07:46]	[ALERT]	404 - commande non existante :: /administrateurs/assets/js/script.js
[2024-10-27 18:07:46]	[ALERT]	404 - commande non existante :: /administrateurs/assets/css/style.css
[2024-10-27 18:07:50]	[ALERT]	404 - commande non existante :: /createurs/assets/css/style.css
[2024-10-27 18:07:50]	[ALERT]	404 - commande non existante :: /createurs/assets/js/script.js
[2024-10-27 18:07:52]	[ALERT]	404 - commande non existante :: /createurs/assets/css/style.css
[2024-10-27 18:07:52]	[ALERT]	404 - commande non existante :: /createurs/assets/js/script.js
[2024-10-27 18:08:10]	[ALERT]	404 - commande non existante :: /createurs/assets/css/style.css
[2024-10-27 18:08:10]	[ALERT]	404 - commande non existante :: /createurs/assets/js/script.js
[2024-10-27 18:08:20]	[ALERT]	404 - commande non existante :: /createurs/assets/css/style.css
[2024-10-27 18:08:20]	[ALERT]	404 - commande non existante :: /createurs/assets/js/script.js
[2024-10-27 18:14:50]	[ALERT]	404 - commande non existante :: /public/assets/css/style.css
[2024-10-27 18:14:50]	[ALERT]	404 - commande non existante :: /public/assets/js/script.js
[2024-10-27 18:15:07]	[ALERT]	404 - commande non existante :: /createurs/assets/css/style.css
[2024-10-27 18:15:07]	[ALERT]	404 - commande non existante :: /createurs/assets/js/script.js
[2024-10-27 18:25:46]	[ALERT]	404 - commande non existante :: /createurs/assets/css/style.css
[2024-10-27 18:25:46]	[ALERT]	404 - commande non existante :: /createurs/assets/js/script.js
[2024-10-27 18:25:48]	[ALERT]	404 - commande non existante :: /createurs/assets/css/style.css
[2024-10-27 18:25:48]	[ALERT]	404 - commande non existante :: /createurs/assets/js/script.js
[2024-10-27 18:25:50]	[ALERT]	404 - commande non existante :: /createurs/assets/css/style.css
[2024-10-27 18:25:50]	[ALERT]	404 - commande non existante :: /createurs/assets/js/script.js
[2024-10-27 18:31:24]	[ALERT]	404 - commande non existante :: /createurs/{{ base_url }}/assets/css/style.css
[2024-10-27 18:31:24]	[ALERT]	404 - commande non existante :: /createurs/{ base_url }}/assets/js/script.js
[2024-10-27 18:31:25]	[ALERT]	404 - commande non existante :: /{{ base_url }}/assets/css/style.css
[2024-10-27 18:31:25]	[ALERT]	404 - commande non existante :: /{ base_url }}/assets/js/script.js
[2024-10-27 18:31:27]	[ALERT]	404 - commande non existante :: /{{ base_url }}/assets/css/style.css
[2024-10-27 18:31:27]	[ALERT]	404 - commande non existante :: /{ base_url }}/assets/js/script.js
